#
# There is insufficient memory for the Java Runtime Environment to continue.
# Native memory allocation (malloc) failed to allocate 195296 bytes for Chunk::new
# Possible reasons:
#   The system is out of physical RAM or swap space
#   The process is running with CompressedOops enabled, and the Java Heap may be blocking the growth of the native heap
# Possible solutions:
#   Reduce memory load on the system
#   Increase physical memory or swap space
#   Check if swap backing store is full
#   Decrease Java heap size (-Xmx/-Xms)
#   Decrease number of Java threads
#   Decrease Java thread stack sizes (-Xss)
#   Set larger code cache with -XX:ReservedCodeCacheSize=
#   JVM is running with Unscaled Compressed Oops mode in which the Java heap is
#     placed in the first 4GB address space. The Java Heap base address is the
#     maximum limit for the native heap growth. Please use -XX:HeapBaseMinAddress
#     to set the Java Heap base and to place the Java Heap above 4GB virtual address.
# This output file may be truncated or incomplete.
#
#  Out of Memory Error (./src/hotspot/share/memory/arena.cpp:197), pid=10520, tid=17136
#
# JRE version: OpenJDK Runtime Environment Microsoft-7208460 (11.0.18+10) (build 11.0.18+10-LTS)
# Java VM: OpenJDK 64-Bit Server VM Microsoft-7208460 (11.0.18+10-LTS, mixed mode, tiered, compressed oops, g1 gc, windows-amd64)
# No core dump will be written. Minidumps are not enabled by default on client versions of Windows
#

---------------  S U M M A R Y ------------

Command Line: -Xmx64m -Xms64m -Dorg.gradle.appname=gradlew org.gradle.wrapper.GradleWrapperMain app:installDebug -PreactNativeDevServerPort=8081

Host: AMD Ryzen 5 5600H with Radeon Graphics         , 12 cores, 7G,  Windows 11 , 64 bit Build 22621 (10.0.22621.1778)
Time: Tue Jun 20 16:44:50 2023 India Standard Time elapsed time: 0.538970 seconds (0d 0h 0m 0s)

---------------  T H R E A D  ---------------

Current thread (0x000002089a756000):  JavaThread "C2 CompilerThread0" daemon [_thread_in_native, id=17136, stack(0x0000003965f00000,0x0000003966000000)]


Current CompileTask:
C2:    539  993   !   4       java.util.concurrent.ConcurrentHashMap::putVal (432 bytes)

Stack: [0x0000003965f00000,0x0000003966000000]
Native frames: (J=compiled Java code, j=interpreted, Vv=VM code, C=native code)
V  [jvm.dll+0x62bf8a]
V  [jvm.dll+0x7b8fb9]
V  [jvm.dll+0x7ba6a8]
V  [jvm.dll+0x7bad83]
V  [jvm.dll+0x250248]
V  [jvm.dll+0xc260c]
V  [jvm.dll+0xc2bcc]
V  [jvm.dll+0x2c4e64]
V  [jvm.dll+0x533dcc]
V  [jvm.dll+0x208c26]
V  [jvm.dll+0x20ae5d]
V  [jvm.dll+0x2083eb]
V  [jvm.dll+0x18a4b1]
V  [jvm.dll+0x217eec]
V  [jvm.dll+0x21612b]
V  [jvm.dll+0x77bac0]
V  [jvm.dll+0x7749f4]
V  [jvm.dll+0x62adf5]
C  [ucrtbase.dll+0x29363]
C  [KERNEL32.DLL+0x126ad]
C  [ntdll.dll+0x5a9f8]


---------------  P R O C E S S  ---------------

Threads class SMR info:
_java_thread_list=0x000002089bb6a450, length=11, elements={
0x00000208ffc00000, 0x000002089a6ef800, 0x000002089a6f9800, 0x000002089a752000,
0x000002089a753000, 0x000002089a754800, 0x000002089a756000, 0x000002089a760000,
0x000002089a766800, 0x000002089b1e3000, 0x000002089bd11800
}

Java Threads: ( => current thread )
  0x00000208ffc00000 JavaThread "main" [_thread_in_vm, id=5552, stack(0x0000003965300000,0x0000003965400000)]
  0x000002089a6ef800 JavaThread "Reference Handler" daemon [_thread_blocked, id=6760, stack(0x0000003965a00000,0x0000003965b00000)]
  0x000002089a6f9800 JavaThread "Finalizer" daemon [_thread_blocked, id=19464, stack(0x0000003965b00000,0x0000003965c00000)]
  0x000002089a752000 JavaThread "Signal Dispatcher" daemon [_thread_blocked, id=22628, stack(0x0000003965c00000,0x0000003965d00000)]
  0x000002089a753000 JavaThread "Attach Listener" daemon [_thread_blocked, id=17004, stack(0x0000003965d00000,0x0000003965e00000)]
  0x000002089a754800 JavaThread "Service Thread" daemon [_thread_blocked, id=18504, stack(0x0000003965e00000,0x0000003965f00000)]
=>0x000002089a756000 JavaThread "C2 CompilerThread0" daemon [_thread_in_native, id=17136, stack(0x0000003965f00000,0x0000003966000000)]
  0x000002089a760000 JavaThread "C1 CompilerThread0" daemon [_thread_blocked, id=23352, stack(0x0000003966000000,0x0000003966100000)]
  0x000002089a766800 JavaThread "Sweeper thread" daemon [_thread_blocked, id=16076, stack(0x0000003966100000,0x0000003966200000)]
  0x000002089b1e3000 JavaThread "Common-Cleaner" daemon [_thread_blocked, id=21008, stack(0x0000003966300000,0x0000003966400000)]
  0x000002089bd11800 JavaThread "pool-1-thread-1" [_thread_blocked, id=22156, stack(0x0000003966700000,0x0000003966800000)]

Other Threads:
  0x000002089a6c9800 VMThread "VM Thread" [stack: 0x0000003965900000,0x0000003965a00000] [id=22052]
  0x000002089b1e1000 WatcherThread [stack: 0x0000003966200000,0x0000003966300000] [id=25064]
  0x00000208ffc17000 GCTaskThread "GC Thread#0" [stack: 0x0000003965400000,0x0000003965500000] [id=15912]
  0x000002089bcfa000 GCTaskThread "GC Thread#1" [stack: 0x0000003966400000,0x0000003966500000] [id=2408]
  0x00000208ffc1d000 ConcurrentGCThread "G1 Main Marker" [stack: 0x0000003965500000,0x0000003965600000] [id=20380]
  0x00000208ffc1f800 ConcurrentGCThread "G1 Conc#0" [stack: 0x0000003965600000,0x0000003965700000] [id=14840]
  0x000002089bafe800 ConcurrentGCThread "G1 Conc#1" [stack: 0x0000003966500000,0x0000003966600000] [id=2840]
  0x000002089bd5d800 ConcurrentGCThread "G1 Conc#2" [stack: 0x0000003966600000,0x0000003966700000] [id=18700]
  0x00000208ffc92000 ConcurrentGCThread "G1 Refine#0" [stack: 0x0000003965700000,0x0000003965800000] [id=13464]
  0x00000208ffc95000 ConcurrentGCThread "G1 Young RemSet Sampling" [stack: 0x0000003965800000,0x0000003965900000] [id=2816]

Threads with active compile tasks:
C2 CompilerThread0      555  993   !   4       java.util.concurrent.ConcurrentHashMap::putVal (432 bytes)
C1 CompilerThread0      555 1038       3       java.lang.invoke.MethodHandles$Lookup::isClassAccessible (32 bytes)

VM state:not at safepoint (normal execution)

VM Mutex/Monitor currently owned by a thread: None

Heap address: 0x00000000fc000000, size: 64 MB, Compressed Oops mode: 32-bit
Narrow klass base: 0x0000000000000000, Narrow klass shift: 3
Compressed class space size: 1073741824 Address: 0x0000000100000000

Heap:
 garbage-first heap   total 65536K, used 15791K [0x00000000fc000000, 0x0000000100000000)
  region size 1024K, 8 young (8192K), 1 survivors (1024K)
 Metaspace       used 12870K, capacity 13151K, committed 13312K, reserved 1069056K
  class space    used 1424K, capacity 1534K, committed 1536K, reserved 1048576K
Heap Regions: E=young(eden), S=young(survivor), O=old, HS=humongous(starts), HC=humongous(continues), CS=collection set, F=free, A=archive, TAMS=top-at-mark-start (previous, next)
|   0|0x00000000fc000000, 0x00000000fc100000, 0x00000000fc100000|100%| O|  |TAMS 0x00000000fc100000, 0x00000000fc000000| Untracked 
|   1|0x00000000fc100000, 0x00000000fc200000, 0x00000000fc200000|100%| O|  |TAMS 0x00000000fc200000, 0x00000000fc100000| Untracked 
|   2|0x00000000fc200000, 0x00000000fc232200, 0x00000000fc300000| 19%| O|  |TAMS 0x00000000fc232200, 0x00000000fc200000| Untracked 
|   3|0x00000000fc300000, 0x00000000fc400000, 0x00000000fc400000|100%|HS|  |TAMS 0x00000000fc400000, 0x00000000fc300000| Complete 
|   4|0x00000000fc400000, 0x00000000fc500000, 0x00000000fc500000|100%|HC|  |TAMS 0x00000000fc500000, 0x00000000fc400000| Complete 
|   5|0x00000000fc500000, 0x00000000fc600000, 0x00000000fc600000|100%|HC|  |TAMS 0x00000000fc600000, 0x00000000fc500000| Complete 
|   6|0x00000000fc600000, 0x00000000fc700000, 0x00000000fc700000|100%| O|  |TAMS 0x00000000fc700000, 0x00000000fc600000| Untracked 
|   7|0x00000000fc700000, 0x00000000fc800000, 0x00000000fc800000|100%| O|  |TAMS 0x00000000fc800000, 0x00000000fc700000| Untracked 
|   8|0x00000000fc800000, 0x00000000fc900000, 0x00000000fc900000|100%| O|  |TAMS 0x00000000fc900000, 0x00000000fc800000| Untracked 
|   9|0x00000000fc900000, 0x00000000fca00000, 0x00000000fca00000|100%| O|  |TAMS 0x00000000fca00000, 0x00000000fc900000| Untracked 
|  10|0x00000000fca00000, 0x00000000fca00000, 0x00000000fcb00000|  0%| F|  |TAMS 0x00000000fca00000, 0x00000000fca00000| Untracked 
|  11|0x00000000fcb00000, 0x00000000fcb00000, 0x00000000fcc00000|  0%| F|  |TAMS 0x00000000fcb00000, 0x00000000fcb00000| Untracked 
|  12|0x00000000fcc00000, 0x00000000fcc00000, 0x00000000fcd00000|  0%| F|  |TAMS 0x00000000fcc00000, 0x00000000fcc00000| Untracked 
|  13|0x00000000fcd00000, 0x00000000fcd00000, 0x00000000fce00000|  0%| F|  |TAMS 0x00000000fcd00000, 0x00000000fcd00000| Untracked 
|  14|0x00000000fce00000, 0x00000000fce00000, 0x00000000fcf00000|  0%| F|  |TAMS 0x00000000fce00000, 0x00000000fce00000| Untracked 
|  15|0x00000000fcf00000, 0x00000000fcf00000, 0x00000000fd000000|  0%| F|  |TAMS 0x00000000fcf00000, 0x00000000fcf00000| Untracked 
|  16|0x00000000fd000000, 0x00000000fd000000, 0x00000000fd100000|  0%| F|  |TAMS 0x00000000fd000000, 0x00000000fd000000| Untracked 
|  17|0x00000000fd100000, 0x00000000fd100000, 0x00000000fd200000|  0%| F|  |TAMS 0x00000000fd100000, 0x00000000fd100000| Untracked 
|  18|0x00000000fd200000, 0x00000000fd200000, 0x00000000fd300000|  0%| F|  |TAMS 0x00000000fd200000, 0x00000000fd200000| Untracked 
|  19|0x00000000fd300000, 0x00000000fd300000, 0x00000000fd400000|  0%| F|  |TAMS 0x00000000fd300000, 0x00000000fd300000| Untracked 
|  20|0x00000000fd400000, 0x00000000fd400000, 0x00000000fd500000|  0%| F|  |TAMS 0x00000000fd400000, 0x00000000fd400000| Untracked 
|  21|0x00000000fd500000, 0x00000000fd500000, 0x00000000fd600000|  0%| F|  |TAMS 0x00000000fd500000, 0x00000000fd500000| Untracked 
|  22|0x00000000fd600000, 0x00000000fd600000, 0x00000000fd700000|  0%| F|  |TAMS 0x00000000fd600000, 0x00000000fd600000| Untracked 
|  23|0x00000000fd700000, 0x00000000fd700000, 0x00000000fd800000|  0%| F|  |TAMS 0x00000000fd700000, 0x00000000fd700000| Untracked 
|  24|0x00000000fd800000, 0x00000000fd800000, 0x00000000fd900000|  0%| F|  |TAMS 0x00000000fd800000, 0x00000000fd800000| Untracked 
|  25|0x00000000fd900000, 0x00000000fd900000, 0x00000000fda00000|  0%| F|  |TAMS 0x00000000fd900000, 0x00000000fd900000| Untracked 
|  26|0x00000000fda00000, 0x00000000fda00000, 0x00000000fdb00000|  0%| F|  |TAMS 0x00000000fda00000, 0x00000000fda00000| Untracked 
|  27|0x00000000fdb00000, 0x00000000fdb00000, 0x00000000fdc00000|  0%| F|  |TAMS 0x00000000fdb00000, 0x00000000fdb00000| Untracked 
|  28|0x00000000fdc00000, 0x00000000fdc00000, 0x00000000fdd00000|  0%| F|  |TAMS 0x00000000fdc00000, 0x00000000fdc00000| Untracked 
|  29|0x00000000fdd00000, 0x00000000fdd00000, 0x00000000fde00000|  0%| F|  |TAMS 0x00000000fdd00000, 0x00000000fdd00000| Untracked 
|  30|0x00000000fde00000, 0x00000000fde00000, 0x00000000fdf00000|  0%| F|  |TAMS 0x00000000fde00000, 0x00000000fde00000| Untracked 
|  31|0x00000000fdf00000, 0x00000000fdf00000, 0x00000000fe000000|  0%| F|  |TAMS 0x00000000fdf00000, 0x00000000fdf00000| Untracked 
|  32|0x00000000fe000000, 0x00000000fe000000, 0x00000000fe100000|  0%| F|  |TAMS 0x00000000fe000000, 0x00000000fe000000| Untracked 
|  33|0x00000000fe100000, 0x00000000fe100000, 0x00000000fe200000|  0%| F|  |TAMS 0x00000000fe100000, 0x00000000fe100000| Untracked 
|  34|0x00000000fe200000, 0x00000000fe200000, 0x00000000fe300000|  0%| F|  |TAMS 0x00000000fe200000, 0x00000000fe200000| Untracked 
|  35|0x00000000fe300000, 0x00000000fe300000, 0x00000000fe400000|  0%| F|  |TAMS 0x00000000fe300000, 0x00000000fe300000| Untracked 
|  36|0x00000000fe400000, 0x00000000fe400000, 0x00000000fe500000|  0%| F|  |TAMS 0x00000000fe400000, 0x00000000fe400000| Untracked 
|  37|0x00000000fe500000, 0x00000000fe500000, 0x00000000fe600000|  0%| F|  |TAMS 0x00000000fe500000, 0x00000000fe500000| Untracked 
|  38|0x00000000fe600000, 0x00000000fe600000, 0x00000000fe700000|  0%| F|  |TAMS 0x00000000fe600000, 0x00000000fe600000| Untracked 
|  39|0x00000000fe700000, 0x00000000fe700000, 0x00000000fe800000|  0%| F|  |TAMS 0x00000000fe700000, 0x00000000fe700000| Untracked 
|  40|0x00000000fe800000, 0x00000000fe800000, 0x00000000fe900000|  0%| F|  |TAMS 0x00000000fe800000, 0x00000000fe800000| Untracked 
|  41|0x00000000fe900000, 0x00000000fe900000, 0x00000000fea00000|  0%| F|  |TAMS 0x00000000fe900000, 0x00000000fe900000| Untracked 
|  42|0x00000000fea00000, 0x00000000fea00000, 0x00000000feb00000|  0%| F|  |TAMS 0x00000000fea00000, 0x00000000fea00000| Untracked 
|  43|0x00000000feb00000, 0x00000000feb00000, 0x00000000fec00000|  0%| F|  |TAMS 0x00000000feb00000, 0x00000000feb00000| Untracked 
|  44|0x00000000fec00000, 0x00000000fec00000, 0x00000000fed00000|  0%| F|  |TAMS 0x00000000fec00000, 0x00000000fec00000| Untracked 
|  45|0x00000000fed00000, 0x00000000fed00000, 0x00000000fee00000|  0%| F|  |TAMS 0x00000000fed00000, 0x00000000fed00000| Untracked 
|  46|0x00000000fee00000, 0x00000000fee00000, 0x00000000fef00000|  0%| F|  |TAMS 0x00000000fee00000, 0x00000000fee00000| Untracked 
|  47|0x00000000fef00000, 0x00000000fef00000, 0x00000000ff000000|  0%| F|  |TAMS 0x00000000fef00000, 0x00000000fef00000| Untracked 
|  48|0x00000000ff000000, 0x00000000ff000000, 0x00000000ff100000|  0%| F|  |TAMS 0x00000000ff000000, 0x00000000ff000000| Untracked 
|  49|0x00000000ff100000, 0x00000000ff100000, 0x00000000ff200000|  0%| F|  |TAMS 0x00000000ff100000, 0x00000000ff100000| Untracked 
|  50|0x00000000ff200000, 0x00000000ff200000, 0x00000000ff300000|  0%| F|  |TAMS 0x00000000ff200000, 0x00000000ff200000| Untracked 
|  51|0x00000000ff300000, 0x00000000ff300000, 0x00000000ff400000|  0%| F|  |TAMS 0x00000000ff300000, 0x00000000ff300000| Untracked 
|  52|0x00000000ff400000, 0x00000000ff400000, 0x00000000ff500000|  0%| F|  |TAMS 0x00000000ff400000, 0x00000000ff400000| Untracked 
|  53|0x00000000ff500000, 0x00000000ff500000, 0x00000000ff600000|  0%| F|  |TAMS 0x00000000ff500000, 0x00000000ff500000| Untracked 
|  54|0x00000000ff600000, 0x00000000ff600000, 0x00000000ff700000|  0%| F|  |TAMS 0x00000000ff600000, 0x00000000ff600000| Untracked 
|  55|0x00000000ff700000, 0x00000000ff700000, 0x00000000ff800000|  0%| F|  |TAMS 0x00000000ff700000, 0x00000000ff700000| Untracked 
|  56|0x00000000ff800000, 0x00000000ff900000, 0x00000000ff900000|100%| E|  |TAMS 0x00000000ff800000, 0x00000000ff800000| Complete 
|  57|0x00000000ff900000, 0x00000000ffa00000, 0x00000000ffa00000|100%| E|CS|TAMS 0x00000000ff900000, 0x00000000ff900000| Complete 
|  58|0x00000000ffa00000, 0x00000000ffa39ae8, 0x00000000ffb00000| 22%| S|CS|TAMS 0x00000000ffa00000, 0x00000000ffa00000| Complete 
|  59|0x00000000ffb00000, 0x00000000ffc00000, 0x00000000ffc00000|100%| E|CS|TAMS 0x00000000ffb00000, 0x00000000ffb00000| Complete 
|  60|0x00000000ffc00000, 0x00000000ffd00000, 0x00000000ffd00000|100%| E|CS|TAMS 0x00000000ffc00000, 0x00000000ffc00000| Complete 
|  61|0x00000000ffd00000, 0x00000000ffe00000, 0x00000000ffe00000|100%| E|CS|TAMS 0x00000000ffd00000, 0x00000000ffd00000| Complete 
|  62|0x00000000ffe00000, 0x00000000fff00000, 0x00000000fff00000|100%| E|CS|TAMS 0x00000000ffe00000, 0x00000000ffe00000| Complete 
|  63|0x00000000fff00000, 0x0000000100000000, 0x0000000100000000|100%| E|CS|TAMS 0x00000000fff00000, 0x00000000fff00000| Complete 

Card table byte_map: [0x00000208ffb30000,0x00000208ffb50000] _byte_map_base: 0x00000208ff350000

Marking Bits (Prev, Next): (CMBitMap*) 0x00000208ffc1c230, (CMBitMap*) 0x00000208ffc1c1f8
 Prev Bits: [0x00000208979c0000, 0x0000020897ac0000)
 Next Bits: [0x00000208978c0000, 0x00000208979c0000)

Polling page: 0x00000208fdb90000

Metaspace:

Usage:
  Non-class:     11.35 MB capacity,    11.20 MB ( 99%) used,   139.05 KB (  1%) free+waste,    18.13 KB ( <1%) overhead. 
      Class:      1.50 MB capacity,     1.40 MB ( 93%) used,    99.20 KB (  6%) free+waste,     9.06 KB ( <1%) overhead. 
       Both:     12.85 MB capacity,    12.59 MB ( 98%) used,   238.24 KB (  2%) free+waste,    27.19 KB ( <1%) overhead. 

Virtual space:
  Non-class space:       20.00 MB reserved,      11.50 MB ( 58%) committed 
      Class space:        1.00 GB reserved,       1.63 MB ( <1%) committed 
             Both:        1.02 GB reserved,      13.13 MB (  1%) committed 

Chunk freelists:
   Non-Class:  24.00 KB
       Class:  0 bytes
        Both:  24.00 KB

MaxMetaspaceSize: 17179869184.00 GB
CompressedClassSpaceSize: 1.00 GB
Initial GC threshold: 20.80 MB
Current GC threshold: 21.12 MB
CDS: off

CodeHeap 'non-profiled nmethods': size=120000Kb used=366Kb max_used=366Kb free=119633Kb
 bounds [0x0000020890170000, 0x00000208903e0000, 0x00000208976a0000]
CodeHeap 'profiled nmethods': size=120000Kb used=1963Kb max_used=1963Kb free=118036Kb
 bounds [0x0000020888c40000, 0x0000020888eb0000, 0x0000020890170000]
CodeHeap 'non-nmethods': size=5760Kb used=1138Kb max_used=1143Kb free=4621Kb
 bounds [0x00000208886a0000, 0x0000020888910000, 0x0000020888c40000]
 total_blobs=1430 nmethods=1036 adapters=307
 compilation: enabled
              stopped_count=0, restarted_count=0
 full_count=0

Compilation events (20 events):
Event: 0.503 Thread 0x000002089a760000 nmethod 984 0x0000020888e1ac10 code [0x0000020888e1adc0, 0x0000020888e1af38]
Event: 0.504 Thread 0x000002089a760000  987       3       java.lang.Class::cast (27 bytes)
Event: 0.504 Thread 0x000002089a760000 nmethod 987 0x0000020888e1b010 code [0x0000020888e1b1e0, 0x0000020888e1b498]
Event: 0.504 Thread 0x000002089a756000 nmethod 979 0x00000208901c6410 code [0x00000208901c65e0, 0x00000208901c6958]
Event: 0.504 Thread 0x000002089a756000  955       4       java.util.concurrent.ConcurrentHashMap::setTabAt (20 bytes)
Event: 0.505 Thread 0x000002089a756000 nmethod 955 0x00000208901c6c10 code [0x00000208901c6da0, 0x00000208901c6eb8]
Event: 0.506 Thread 0x000002089a756000  988       4       jdk.internal.loader.URLClassPath::getResource (74 bytes)
Event: 0.506 Thread 0x000002089a760000  989       3       java.lang.StringBuilder::append (8 bytes)
Event: 0.506 Thread 0x000002089a760000 nmethod 989 0x0000020888e1b590 code [0x0000020888e1b740, 0x0000020888e1b888]
Event: 0.506 Thread 0x000002089a760000  990       3       java.lang.AbstractStringBuilder::append (55 bytes)
Event: 0.507 Thread 0x000002089a760000 nmethod 990 0x0000020888e1b910 code [0x0000020888e1bb00, 0x0000020888e1be38]
Event: 0.507 Thread 0x000002089a756000 nmethod 988 0x00000208901c6f10 code [0x00000208901c70c0, 0x00000208901c71e8]
Event: 0.509 Thread 0x000002089a760000  991       1       java.lang.reflect.Method::getDeclaringClass (5 bytes)
Event: 0.509 Thread 0x000002089a760000 nmethod 991 0x00000208901c7310 code [0x00000208901c74c0, 0x00000208901c7578]
Event: 0.511 Thread 0x000002089a756000  992       4       java.util.concurrent.ConcurrentHashMap::get (162 bytes)
Event: 0.513 Thread 0x000002089a756000 nmethod 992 0x00000208901c7610 code [0x00000208901c77c0, 0x00000208901c7a98]
Event: 0.513 Thread 0x000002089a756000  993   !   4       java.util.concurrent.ConcurrentHashMap::putVal (432 bytes)
Event: 0.516 Thread 0x000002089a760000  996       3       jdk.internal.org.objectweb.asm.Item::<init> (5 bytes)
Event: 0.517 Thread 0x000002089a760000 nmethod 996 0x0000020888e1bf90 code [0x0000020888e1c140, 0x0000020888e1c298]
Event: 0.517 Thread 0x000002089a760000  997       1       java.lang.invoke.DirectMethodHandle::internalMemberName (5 bytes)

GC Heap History (4 events):
Event: 0.425 GC heap before
{Heap before GC invocations=0 (full 0):
 garbage-first heap   total 65536K, used 29696K [0x00000000fc000000, 0x0000000100000000)
  region size 1024K, 24 young (24576K), 0 survivors (0K)
 Metaspace       used 10547K, capacity 10788K, committed 11008K, reserved 1058816K
  class space    used 1068K, capacity 1167K, committed 1280K, reserved 1048576K
}
Event: 0.430 GC heap after
{Heap after GC invocations=1 (full 0):
 garbage-first heap   total 65536K, used 9621K [0x00000000fc000000, 0x0000000100000000)
  region size 1024K, 3 young (3072K), 3 survivors (3072K)
 Metaspace       used 10547K, capacity 10788K, committed 11008K, reserved 1058816K
  class space    used 1068K, capacity 1167K, committed 1280K, reserved 1048576K
}
Event: 0.476 GC heap before
{Heap before GC invocations=1 (full 0):
 garbage-first heap   total 65536K, used 13717K [0x00000000fc000000, 0x0000000100000000)
  region size 1024K, 8 young (8192K), 3 survivors (3072K)
 Metaspace       used 11289K, capacity 11487K, committed 11520K, reserved 1064960K
  class space    used 1180K, capacity 1275K, committed 1280K, reserved 1048576K
}
Event: 0.478 GC heap after
{Heap after GC invocations=2 (full 0):
 garbage-first heap   total 65536K, used 9647K [0x00000000fc000000, 0x0000000100000000)
  region size 1024K, 1 young (1024K), 1 survivors (1024K)
 Metaspace       used 11289K, capacity 11487K, committed 11520K, reserved 1064960K
  class space    used 1180K, capacity 1275K, committed 1280K, reserved 1048576K
}

Deoptimization events (20 events):
Event: 0.399 Thread 0x00000208ffc00000 Uncommon trap: trap_request=0xffffffde fr.pc=0x000002089018d810 relative=0x0000000000000370
Event: 0.399 Thread 0x00000208ffc00000 Uncommon trap: reason=class_check action=maybe_recompile pc=0x000002089018d810 method=java.util.regex.Matcher.match(II)Z @ 121 c2
Event: 0.399 Thread 0x00000208ffc00000 DEOPT PACKING pc=0x000002089018d810 sp=0x00000039653fcdb0
Event: 0.399 Thread 0x00000208ffc00000 DEOPT UNPACKING pc=0x00000208886ea1af sp=0x00000039653fcd58 mode 2
Event: 0.399 Thread 0x00000208ffc00000 Uncommon trap: trap_request=0xffffffde fr.pc=0x000002089018d810 relative=0x0000000000000370
Event: 0.399 Thread 0x00000208ffc00000 Uncommon trap: reason=class_check action=maybe_recompile pc=0x000002089018d810 method=java.util.regex.Matcher.match(II)Z @ 121 c2
Event: 0.399 Thread 0x00000208ffc00000 DEOPT PACKING pc=0x000002089018d810 sp=0x00000039653fcc30
Event: 0.399 Thread 0x00000208ffc00000 DEOPT UNPACKING pc=0x00000208886ea1af sp=0x00000039653fcbd8 mode 2
Event: 0.399 Thread 0x00000208ffc00000 Uncommon trap: trap_request=0xffffffde fr.pc=0x000002089018d810 relative=0x0000000000000370
Event: 0.399 Thread 0x00000208ffc00000 Uncommon trap: reason=class_check action=maybe_recompile pc=0x000002089018d810 method=java.util.regex.Matcher.match(II)Z @ 121 c2
Event: 0.399 Thread 0x00000208ffc00000 DEOPT PACKING pc=0x000002089018d810 sp=0x00000039653fcc30
Event: 0.399 Thread 0x00000208ffc00000 DEOPT UNPACKING pc=0x00000208886ea1af sp=0x00000039653fcbd8 mode 2
Event: 0.402 Thread 0x00000208ffc00000 Uncommon trap: trap_request=0xffffff4d fr.pc=0x00000208901b26d4 relative=0x0000000000000214
Event: 0.402 Thread 0x00000208ffc00000 Uncommon trap: reason=unstable_if action=reinterpret pc=0x00000208901b26d4 method=java.util.HashMap.hash(Ljava/lang/Object;)I @ 1 c2
Event: 0.402 Thread 0x00000208ffc00000 DEOPT PACKING pc=0x00000208901b26d4 sp=0x00000039653fcd10
Event: 0.402 Thread 0x00000208ffc00000 DEOPT UNPACKING pc=0x00000208886ea1af sp=0x00000039653fcc48 mode 2
Event: 0.464 Thread 0x00000208ffc00000 Uncommon trap: trap_request=0xffffff4d fr.pc=0x0000020890191258 relative=0x00000000000008b8
Event: 0.464 Thread 0x00000208ffc00000 Uncommon trap: reason=unstable_if action=reinterpret pc=0x0000020890191258 method=java.io.WinNTFileSystem.resolve(Ljava/lang/String;Ljava/lang/String;)Ljava/lang/String; @ 70 c2
Event: 0.464 Thread 0x00000208ffc00000 DEOPT PACKING pc=0x0000020890191258 sp=0x00000039653fbb70
Event: 0.464 Thread 0x00000208ffc00000 DEOPT UNPACKING pc=0x00000208886ea1af sp=0x00000039653fbb00 mode 2

Classes redefined (0 events):
No events

Internal exceptions (9 events):
Event: 0.121 Thread 0x00000208ffc00000 Exception <a 'java/lang/NoSuchMethodError'{0x00000000ffc5bfd8}: 'int java.lang.invoke.DirectMethodHandle$Holder.invokeStaticInit(java.lang.Object, java.lang.Object)'> (0x00000000ffc5bfd8) thrown at [./src/hotspot/share/interpreter/linkResolver.cpp, line 773]
Event: 0.142 Thread 0x00000208ffc00000 Exception <a 'java/lang/NoSuchMethodError'{0x00000000ffb2fb20}: 'int java.lang.invoke.DirectMethodHandle$Holder.invokeSpecial(java.lang.Object, java.lang.Object, java.lang.Object, java.lang.Object)'> (0x00000000ffb2fb20) thrown at [./src/hotspot/share/interpreter/linkResolver.cpp, line 773]
Event: 0.146 Thread 0x00000208ffc00000 Exception <a 'java/lang/NoSuchMethodError'{0x00000000ffb683d8}: 'int java.lang.invoke.DirectMethodHandle$Holder.invokeSpecialIFC(java.lang.Object, java.lang.Object, int)'> (0x00000000ffb683d8) thrown at [./src/hotspot/share/interpreter/linkResolver.cpp, line 773]
Event: 0.402 Thread 0x00000208ffc00000 Implicit null exception at 0x00000208901b24f5 to 0x00000208901b26c4
Event: 0.422 Thread 0x00000208ffc00000 Exception <a 'java/lang/NoClassDefFoundError'{0x00000000fe8a0300}: org/slf4j/impl/StaticMarkerBinder> (0x00000000fe8a0300) thrown at [./src/hotspot/share/classfile/systemDictionary.cpp, line 219]
Event: 0.439 Thread 0x00000208ffc00000 Exception <a 'java/lang/NoSuchMethodError'{0x00000000fffde608}: 'java.lang.Object java.lang.invoke.DirectMethodHandle$Holder.invokeVirtual(java.lang.Object, java.lang.Object, java.lang.Object, java.lang.Object, java.lang.Object, java.lang.Object, java.lang.Object)'> (0x00000000fffde608) thrown at [./src/hotspot/share/interpreter/linkResolver.cpp, line 773]
Event: 0.440 Thread 0x00000208ffc00000 Exception <a 'java/lang/NoSuchMethodError'{0x00000000ffff21e8}: 'java.lang.Object java.lang.invoke.Invokers$Holder.invoker(java.lang.Object, java.lang.Object, java.lang.Object)'> (0x00000000ffff21e8) thrown at [./src/hotspot/share/interpreter/linkResolver.cpp, line 773]
Event: 0.441 Thread 0x00000208ffc00000 Exception <a 'java/lang/NoSuchMethodError'{0x00000000ffe03468}: 'void java.lang.invoke.DelegatingMethodHandle$Holder.delegate(java.lang.Object, java.lang.Object, int, java.lang.Object)'> (0x00000000ffe03468) thrown at [./src/hotspot/share/interpreter/linkResolver.cpp, line 773]
Event: 0.516 Thread 0x00000208ffc00000 Exception <a 'java/lang/NoSuchMethodError'{0x00000000ffb25f08}: 'java.lang.Object java.lang.invoke.DirectMethodHandle$Holder.invokeInterface(java.lang.Object, java.lang.Object, java.lang.Object)'> (0x00000000ffb25f08) thrown at [./src/hotspot/share/interpreter/linkResolver.cpp, line 773]

Events (20 events):
Event: 0.514 loading class org/gradle/internal/jvm/inspection/CachingJvmMetadataDetector
Event: 0.514 loading class org/gradle/internal/jvm/inspection/CachingJvmMetadataDetector done
Event: 0.515 loading class org/gradle/internal/jvm/inspection/DefaultJvmMetadataDetector
Event: 0.515 loading class org/gradle/internal/jvm/inspection/DefaultJvmMetadataDetector done
Event: 0.515 loading class org/gradle/internal/jvm/inspection/JvmInstallationMetadata
Event: 0.515 loading class org/gradle/internal/jvm/inspection/JvmInstallationMetadata done
Event: 0.515 loading class org/gradle/internal/jvm/inspection/ProbedSystemProperty
Event: 0.515 loading class org/gradle/internal/jvm/inspection/ProbedSystemProperty done
Event: 0.515 loading class org/gradle/process/internal/ExecException
Event: 0.515 loading class org/gradle/process/internal/ExecException done
Event: 0.515 loading class org/gradle/internal/jvm/Jvm$JvmImplementation
Event: 0.515 loading class org/gradle/internal/jvm/Jvm$JvmImplementation done
Event: 0.516 loading class org/gradle/internal/jvm/Jvm$AppleJvm
Event: 0.516 loading class org/gradle/internal/jvm/Jvm$AppleJvm done
Event: 0.516 loading class org/gradle/internal/jvm/Jvm$IbmJvm
Event: 0.516 loading class org/gradle/internal/jvm/Jvm$IbmJvm done
Event: 0.517 loading class java/lang/invoke/DirectMethodHandle$Interface
Event: 0.517 loading class java/lang/invoke/DirectMethodHandle$Interface done
Event: 0.517 loading class org/gradle/internal/jvm/inspection/JvmMetadataDetector
Event: 0.517 loading class org/gradle/internal/jvm/inspection/JvmMetadataDetector done


Dynamic libraries:
0x00007ff723020000 - 0x00007ff72302d000 	C:\Program Files\Microsoft\jdk-11.0.18.10-hotspot\bin\java.exe
0x00007ff9b2fb0000 - 0x00007ff9b31c4000 	C:\WINDOWS\SYSTEM32\ntdll.dll
0x00007ff9b26f0000 - 0x00007ff9b27b2000 	C:\WINDOWS\System32\KERNEL32.DLL
0x00007ff9b03b0000 - 0x00007ff9b0753000 	C:\WINDOWS\System32\KERNELBASE.dll
0x00007ff9b0c70000 - 0x00007ff9b0d81000 	C:\WINDOWS\System32\ucrtbase.dll
0x00007ff997eb0000 - 0x00007ff997ec5000 	C:\Program Files\Microsoft\jdk-11.0.18.10-hotspot\bin\VCRUNTIME140.dll
0x00007ff996c90000 - 0x00007ff996ca7000 	C:\Program Files\Microsoft\jdk-11.0.18.10-hotspot\bin\jli.dll
0x00007ff9b27c0000 - 0x00007ff9b296b000 	C:\WINDOWS\System32\USER32.dll
0x00007ff99af40000 - 0x00007ff99b1ce000 	C:\WINDOWS\WinSxS\amd64_microsoft.windows.common-controls_6595b64144ccf1df_6.0.22621.1635_none_270f70857386168e\COMCTL32.dll
0x00007ff9b0c40000 - 0x00007ff9b0c66000 	C:\WINDOWS\System32\win32u.dll
0x00007ff9b2a40000 - 0x00007ff9b2a69000 	C:\WINDOWS\System32\GDI32.dll
0x00007ff9b2500000 - 0x00007ff9b25a7000 	C:\WINDOWS\System32\msvcrt.dll
0x00007ff9b0800000 - 0x00007ff9b0919000 	C:\WINDOWS\System32\gdi32full.dll
0x00007ff9b0760000 - 0x00007ff9b07fa000 	C:\WINDOWS\System32\msvcp_win.dll
0x00007ff9b2ca0000 - 0x00007ff9b2cd1000 	C:\WINDOWS\System32\IMM32.DLL
0x00007ff97b9d0000 - 0x00007ff97ba6b000 	C:\Program Files\Microsoft\jdk-11.0.18.10-hotspot\bin\msvcp140.dll
0x00007ff925e00000 - 0x00007ff926992000 	C:\Program Files\Microsoft\jdk-11.0.18.10-hotspot\bin\server\jvm.dll
0x00007ff9b2970000 - 0x00007ff9b2a1e000 	C:\WINDOWS\System32\ADVAPI32.dll
0x00007ff9b2210000 - 0x00007ff9b22b4000 	C:\WINDOWS\System32\sechost.dll
0x00007ff9b0f50000 - 0x00007ff9b1067000 	C:\WINDOWS\System32\RPCRT4.dll
0x00007ff9b26d0000 - 0x00007ff9b26d8000 	C:\WINDOWS\System32\PSAPI.DLL
0x00007ff9ab040000 - 0x00007ff9ab049000 	C:\WINDOWS\SYSTEM32\WSOCK32.dll
0x00007ff9a8db0000 - 0x00007ff9a8dba000 	C:\WINDOWS\SYSTEM32\VERSION.dll
0x00007ff9a9370000 - 0x00007ff9a93a4000 	C:\WINDOWS\SYSTEM32\WINMM.dll
0x00007ff9b2d40000 - 0x00007ff9b2db1000 	C:\WINDOWS\System32\WS2_32.dll
0x00007ff9af400000 - 0x00007ff9af418000 	C:\WINDOWS\SYSTEM32\kernel.appcore.dll
0x00007ff995e80000 - 0x00007ff995e90000 	C:\Program Files\Microsoft\jdk-11.0.18.10-hotspot\bin\verify.dll
0x00007ff9a2520000 - 0x00007ff9a274e000 	C:\WINDOWS\SYSTEM32\DBGHELP.DLL
0x00007ff9b1510000 - 0x00007ff9b1899000 	C:\WINDOWS\System32\combase.dll
0x00007ff9b2b70000 - 0x00007ff9b2c47000 	C:\WINDOWS\System32\OLEAUT32.dll
0x00007ff99f750000 - 0x00007ff99f782000 	C:\WINDOWS\SYSTEM32\dbgcore.DLL
0x00007ff9b0a90000 - 0x00007ff9b0b0b000 	C:\WINDOWS\System32\bcryptPrimitives.dll
0x00007ff98a630000 - 0x00007ff98a658000 	C:\Program Files\Microsoft\jdk-11.0.18.10-hotspot\bin\java.dll
0x00007ff995e70000 - 0x00007ff995e7a000 	C:\Program Files\Microsoft\jdk-11.0.18.10-hotspot\bin\jimage.dll
0x00007ff98a610000 - 0x00007ff98a628000 	C:\Program Files\Microsoft\jdk-11.0.18.10-hotspot\bin\zip.dll
0x00007ff9b1a10000 - 0x00007ff9b220a000 	C:\WINDOWS\System32\SHELL32.dll
0x00007ff9ae3b0000 - 0x00007ff9aec7e000 	C:\WINDOWS\SYSTEM32\windows.storage.dll
0x00007ff9ae270000 - 0x00007ff9ae3ae000 	C:\WINDOWS\SYSTEM32\wintypes.dll
0x00007ff9b18a0000 - 0x00007ff9b1991000 	C:\WINDOWS\System32\SHCORE.dll
0x00007ff9b2ce0000 - 0x00007ff9b2d3e000 	C:\WINDOWS\System32\shlwapi.dll
0x00007ff9b02e0000 - 0x00007ff9b0301000 	C:\WINDOWS\SYSTEM32\profapi.dll
0x00007ff97f1a0000 - 0x00007ff97f1b9000 	C:\Program Files\Microsoft\jdk-11.0.18.10-hotspot\bin\net.dll
0x00007ff9aa2e0000 - 0x00007ff9aa417000 	C:\WINDOWS\SYSTEM32\WINHTTP.dll
0x00007ff9af870000 - 0x00007ff9af8d9000 	C:\WINDOWS\system32\mswsock.dll
0x00007ff97f180000 - 0x00007ff97f193000 	C:\Program Files\Microsoft\jdk-11.0.18.10-hotspot\bin\nio.dll
0x00007ff97f150000 - 0x00007ff97f177000 	C:\Users\Navya\.gradle\native\e1d6ef7f7dcc3fd88c89a11ec53ec762bb8ba0a96d01ffa2cd45eb1d1d8dd5c5\windows-amd64\native-platform.dll
0x00007ff9a9c70000 - 0x00007ff9a9c7a000 	C:\Users\Navya\.gradle\native\jansi\1.18\windows64\jansi.dll
0x00007ff98e130000 - 0x00007ff98e139000 	C:\Program Files\Microsoft\jdk-11.0.18.10-hotspot\bin\management.dll
0x00007ff98d3e0000 - 0x00007ff98d3eb000 	C:\Program Files\Microsoft\jdk-11.0.18.10-hotspot\bin\management_ext.dll

dbghelp: loaded successfully - version: 4.0.5 - missing functions: none
symbol engine: initialized successfully - sym options: 0x614 - pdb path: .;C:\Program Files\Microsoft\jdk-11.0.18.10-hotspot\bin;C:\WINDOWS\SYSTEM32;C:\WINDOWS\WinSxS\amd64_microsoft.windows.common-controls_6595b64144ccf1df_6.0.22621.1635_none_270f70857386168e;C:\Program Files\Microsoft\jdk-11.0.18.10-hotspot\bin\server;C:\Users\Navya\.gradle\native\e1d6ef7f7dcc3fd88c89a11ec53ec762bb8ba0a96d01ffa2cd45eb1d1d8dd5c5\windows-amd64;C:\Users\Navya\.gradle\native\jansi\1.18\windows64

VM Arguments:
jvm_args: -Xmx64m -Xms64m -Dorg.gradle.appname=gradlew 
java_command: org.gradle.wrapper.GradleWrapperMain app:installDebug -PreactNativeDevServerPort=8081
java_class_path (initial): C:\Users\Navya\ReduxModule\android\\gradle\wrapper\gradle-wrapper.jar
Launcher Type: SUN_STANDARD

[Global flags]
     intx CICompilerCount                          = 4                                         {product} {ergonomic}
     uint ConcGCThreads                            = 3                                         {product} {ergonomic}
     uint G1ConcRefinementThreads                  = 10                                        {product} {ergonomic}
   size_t G1HeapRegionSize                         = 1048576                                   {product} {ergonomic}
    uintx GCDrainStackTargetSize                   = 64                                        {product} {ergonomic}
   size_t InitialHeapSize                          = 67108864                                  {product} {command line}
   size_t MarkStackSize                            = 4194304                                   {product} {ergonomic}
   size_t MaxHeapSize                              = 67108864                                  {product} {command line}
   size_t MaxNewSize                               = 39845888                                  {product} {ergonomic}
   size_t MinHeapDeltaBytes                        = 1048576                                   {product} {ergonomic}
    uintx NonNMethodCodeHeapSize                   = 5836300                                {pd product} {ergonomic}
    uintx NonProfiledCodeHeapSize                  = 122910970                              {pd product} {ergonomic}
    uintx ProfiledCodeHeapSize                     = 122910970                              {pd product} {ergonomic}
    uintx ReservedCodeCacheSize                    = 251658240                              {pd product} {ergonomic}
     bool SegmentedCodeCache                       = true                                      {product} {ergonomic}
     bool UseCompressedClassPointers               = true                                 {lp64_product} {ergonomic}
     bool UseCompressedOops                        = true                                 {lp64_product} {ergonomic}
     bool UseG1GC                                  = true                                      {product} {ergonomic}
     bool UseLargePagesIndividualAllocation        = false                                  {pd product} {ergonomic}

Logging:
Log output configuration:
 #0: stdout all=warning uptime,level,tags
 #1: stderr all=off uptime,level,tags

Environment Variables:
JAVA_HOME=C:\Program Files\Microsoft\jdk-11.0.18.10-hotspot\
CLASSPATH=C:\Users\Navya\ReduxModule\android\\gradle\wrapper\gradle-wrapper.jar
PATH=C:\Users\Navya\ReduxModule\android\node_modules\.bin;C:\Users\Navya\ReduxModule\node_modules\.bin;C:\Users\Navya\node_modules\.bin;C:\Users\node_modules\.bin;C:\node_modules\.bin;C:\Program Files\nodejs;C:\Users\Navya\ReduxModule\node_modules\.bin;C:\Users\Navya\ReduxModule\node_modules\.bin;C:\Users\Navya\node_modules\.bin;C:\Users\node_modules\.bin;C:\node_modules\.bin;C:\Program Files\nodejs\node_modules\npm\node_modules\@npmcli\run-script\lib\node-gyp-bin;C:\Program Files\Microsoft\jdk-11.0.18.10-hotspot\bin;C:\Program Files\Eclipse Adoptium\jdk-17.0.4.101-hotspot\bin;C:\windows\system32;C:\windows;C:\windows\System32\Wbem;C:\windows\System32\WindowsPowerShell\v1.0\;C:\windows\System32\OpenSSH\;C:\Program Files (x86)\NVIDIA Corporation\PhysX\Common;C:\Program Files\NVIDIA Corporation\NVIDIA NvDLISR;C:\WINDOWS\system32;C:\WINDOWS;C:\WINDOWS\System32\Wbem;C:\WINDOWS\System32\WindowsPowerShell\v1.0\;C:\WINDOWS\System32\OpenSSH\;C:\Users\Navya\AppData\Roaming\npm;C:\Program Files\Git\cmd;C:\Program Files\Bandizip\;C:\ProgramData\chocolatey\bin;C:\Program Files\nodejs\;C:\Users\Navya\AppData\Local\Microsoft\WindowsApps;C:\Users\Navya\AppData\Local\Programs\Microsoft VS Code\bin;C:\Users\Navya\AppData\Roaming\npm
USERNAME=Navya
LANG=en_US.UTF-8
OS=Windows_NT
PROCESSOR_IDENTIFIER=AMD64 Family 25 Model 80 Stepping 0, AuthenticAMD
TMP=C:\Users\Navya\AppData\Local\Temp
TEMP=C:\Users\Navya\AppData\Local\Temp



---------------  S Y S T E M  ---------------

OS: Windows 11 , 64 bit Build 22621 (10.0.22621.1778)
OS uptime: 4 days 7:48 hours

CPU:total 12 (initial active 12) (12 cores per cpu, 2 threads per core) family 25 model 80 stepping 0 microcode 0x0, cmov, cx8, fxsr, mmx, sse, sse2, sse3, ssse3, sse4.1, sse4.2, popcnt, avx, avx2, aes, clmul, erms, mmxext, 3dnowpref, lzcnt, sse4a, ht, tsc, tscinvbit, tscinv, bmi1, bmi2, adx, sha, fma

Memory: 4k page, system-wide physical 7521M (194M free)
TotalPageFile size 31073M (AvailPageFile size 25M)
current process WorkingSet (physical memory assigned to process): 89M, peak: 89M
current process commit charge ("private bytes"): 162M, peak: 162M

vm_info: OpenJDK 64-Bit Server VM (11.0.18+10-LTS) for windows-amd64 JRE (11.0.18+10-LTS), built on Jan 18 2023 15:56:47 by "MicrosoftCorporation" with MS VC++ 15.9 (VS2017)

END.
