#
# There is insufficient memory for the Java Runtime Environment to continue.
# Native memory allocation (mmap) failed to map 123731968 bytes for Failed to commit area from 0x000000008a600000 to 0x0000000091c00000 of length 123731968.
# Possible reasons:
#   The system is out of physical RAM or swap space
#   The process is running with CompressedOops enabled, and the Java Heap may be blocking the growth of the native heap
# Possible solutions:
#   Reduce memory load on the system
#   Increase physical memory or swap space
#   Check if swap backing store is full
#   Decrease Java heap size (-Xmx/-Xms)
#   Decrease number of Java threads
#   Decrease Java thread stack sizes (-Xss)
#   Set larger code cache with -XX:ReservedCodeCacheSize=
# This output file may be truncated or incomplete.
#
#  Out of Memory Error (./src/hotspot/os/windows/os_windows.cpp:3386), pid=18004, tid=19108
#
# JRE version:  (11.0.18+10) (build )
# Java VM: OpenJDK 64-Bit Server VM (11.0.18+10-LTS, mixed mode, sharing, tiered, compressed oops, g1 gc, windows-amd64)
# No core dump will be written. Minidumps are not enabled by default on client versions of Windows
#

---------------  S U M M A R Y ------------

Command Line: org.jetbrains.kotlin.cli.jvm.K2JVMCompiler @C:\Users\Navya\ReduxModule\node_modules\react-native-gradle-plugin\build\20230620_7173791355423315476.compiler.options

Host: AMD Ryzen 5 5600H with Radeon Graphics         , 12 cores, 7G,  Windows 11 , 64 bit Build 22621 (10.0.22621.1778)
Time: Tue Jun 20 16:44:38 2023 India Standard Time elapsed time: 0.008474 seconds (0d 0h 0m 0s)

---------------  T H R E A D  ---------------

Current thread (0x00000136600fa000):  JavaThread "Unknown thread" [_thread_in_vm, id=19108, stack(0x000000069eb00000,0x000000069ec00000)]

Stack: [0x000000069eb00000,0x000000069ec00000]
Native frames: (J=compiled Java code, j=interpreted, Vv=VM code, C=native code)
V  [jvm.dll+0x62bf8a]
V  [jvm.dll+0x7b8fb9]
V  [jvm.dll+0x7ba6a8]
V  [jvm.dll+0x7bad83]
V  [jvm.dll+0x250248]
V  [jvm.dll+0x62929a]
V  [jvm.dll+0x61d855]
V  [jvm.dll+0x30c32c]
V  [jvm.dll+0x30c1b2]
V  [jvm.dll+0x310ec6]
V  [jvm.dll+0x356f0f]
V  [jvm.dll+0x356940]
V  [jvm.dll+0x2e9348]
V  [jvm.dll+0x2ea4a6]
V  [jvm.dll+0x792e07]
V  [jvm.dll+0x79458f]
V  [jvm.dll+0x363c69]
V  [jvm.dll+0x775d70]
V  [jvm.dll+0x3d297f]
V  [jvm.dll+0x3d4d11]
C  [jli.dll+0x5207]
C  [ucrtbase.dll+0x29363]
C  [KERNEL32.DLL+0x126ad]
C  [ntdll.dll+0x5a9f8]


---------------  P R O C E S S  ---------------

Threads class SMR info:
_java_thread_list=0x000001365deb7c90, length=0, elements={
}

Java Threads: ( => current thread )

Other Threads:
  0x0000013660113000 GCTaskThread "GC Thread#0" [stack: 0x000000069ec00000,0x000000069ed00000] [id=5812]
  0x0000013660145000 ConcurrentGCThread "G1 Main Marker" [stack: 0x000000069ed00000,0x000000069ee00000] [id=13156]
  0x0000013660148800 ConcurrentGCThread "G1 Conc#0" [stack: 0x000000069ee00000,0x000000069ef00000] [id=18408]

[error occurred during error reporting (printing all threads), id 0xc0000005, EXCEPTION_ACCESS_VIOLATION (0xc0000005) at pc=0x00007ff9260f8b17]

VM state:not at safepoint (not fully initialized)

VM Mutex/Monitor currently owned by a thread:  ([mutex/lock_event])
[0x00000136600f6070] Heap_lock - owner thread: 0x00000136600fa000

Heap address: 0x000000008a600000, size: 1882 MB, Compressed Oops mode: Non-zero based: 0x000000008a600000
Narrow klass base: 0x0000000000000000, Narrow klass shift: 0

GC Heap History (0 events):
No events

Deoptimization events (0 events):
No events

Classes redefined (0 events):
No events

Internal exceptions (0 events):
No events

Events (1 events):
Event: 0.006 Loaded shared library C:\Program Files\Microsoft\jdk-11.0.18.10-hotspot\bin\zip.dll


Dynamic libraries:
0x00007ff723020000 - 0x00007ff72302d000 	C:\Program Files\Microsoft\jdk-11.0.18.10-hotspot\bin\java.exe
0x00007ff9b2fb0000 - 0x00007ff9b31c4000 	C:\WINDOWS\SYSTEM32\ntdll.dll
0x00007ff9b26f0000 - 0x00007ff9b27b2000 	C:\WINDOWS\System32\KERNEL32.DLL
0x00007ff9b03b0000 - 0x00007ff9b0753000 	C:\WINDOWS\System32\KERNELBASE.dll
0x00007ff9b0c70000 - 0x00007ff9b0d81000 	C:\WINDOWS\System32\ucrtbase.dll
0x00007ff996c90000 - 0x00007ff996ca7000 	C:\Program Files\Microsoft\jdk-11.0.18.10-hotspot\bin\jli.dll
0x00007ff997eb0000 - 0x00007ff997ec5000 	C:\Program Files\Microsoft\jdk-11.0.18.10-hotspot\bin\VCRUNTIME140.dll
0x00007ff9b27c0000 - 0x00007ff9b296b000 	C:\WINDOWS\System32\USER32.dll
0x00007ff9b0c40000 - 0x00007ff9b0c66000 	C:\WINDOWS\System32\win32u.dll
0x00007ff99af40000 - 0x00007ff99b1ce000 	C:\WINDOWS\WinSxS\amd64_microsoft.windows.common-controls_6595b64144ccf1df_6.0.22621.1635_none_270f70857386168e\COMCTL32.dll
0x00007ff9b2a40000 - 0x00007ff9b2a69000 	C:\WINDOWS\System32\GDI32.dll
0x00007ff9b2500000 - 0x00007ff9b25a7000 	C:\WINDOWS\System32\msvcrt.dll
0x00007ff9b0800000 - 0x00007ff9b0919000 	C:\WINDOWS\System32\gdi32full.dll
0x00007ff9b0760000 - 0x00007ff9b07fa000 	C:\WINDOWS\System32\msvcp_win.dll
0x00007ff9b2ca0000 - 0x00007ff9b2cd1000 	C:\WINDOWS\System32\IMM32.DLL
0x00007ff97b9d0000 - 0x00007ff97ba6b000 	C:\Program Files\Microsoft\jdk-11.0.18.10-hotspot\bin\msvcp140.dll
0x00007ff925e00000 - 0x00007ff926992000 	C:\Program Files\Microsoft\jdk-11.0.18.10-hotspot\bin\server\jvm.dll
0x00007ff9b2970000 - 0x00007ff9b2a1e000 	C:\WINDOWS\System32\ADVAPI32.dll
0x00007ff9b2210000 - 0x00007ff9b22b4000 	C:\WINDOWS\System32\sechost.dll
0x00007ff9b0f50000 - 0x00007ff9b1067000 	C:\WINDOWS\System32\RPCRT4.dll
0x00007ff9b26d0000 - 0x00007ff9b26d8000 	C:\WINDOWS\System32\PSAPI.DLL
0x00007ff9ab040000 - 0x00007ff9ab049000 	C:\WINDOWS\SYSTEM32\WSOCK32.dll
0x00007ff9a9370000 - 0x00007ff9a93a4000 	C:\WINDOWS\SYSTEM32\WINMM.dll
0x00007ff9a8db0000 - 0x00007ff9a8dba000 	C:\WINDOWS\SYSTEM32\VERSION.dll
0x00007ff9b2d40000 - 0x00007ff9b2db1000 	C:\WINDOWS\System32\WS2_32.dll
0x00007ff9af400000 - 0x00007ff9af418000 	C:\WINDOWS\SYSTEM32\kernel.appcore.dll
0x00007ff995e80000 - 0x00007ff995e90000 	C:\Program Files\Microsoft\jdk-11.0.18.10-hotspot\bin\verify.dll
0x00007ff9a2520000 - 0x00007ff9a274e000 	C:\WINDOWS\SYSTEM32\DBGHELP.DLL
0x00007ff9b1510000 - 0x00007ff9b1899000 	C:\WINDOWS\System32\combase.dll
0x00007ff9b2b70000 - 0x00007ff9b2c47000 	C:\WINDOWS\System32\OLEAUT32.dll
0x00007ff99f750000 - 0x00007ff99f782000 	C:\WINDOWS\SYSTEM32\dbgcore.DLL
0x00007ff9b0a90000 - 0x00007ff9b0b0b000 	C:\WINDOWS\System32\bcryptPrimitives.dll
0x00007ff98a630000 - 0x00007ff98a658000 	C:\Program Files\Microsoft\jdk-11.0.18.10-hotspot\bin\java.dll
0x00007ff995e70000 - 0x00007ff995e7a000 	C:\Program Files\Microsoft\jdk-11.0.18.10-hotspot\bin\jimage.dll
0x00007ff98a610000 - 0x00007ff98a628000 	C:\Program Files\Microsoft\jdk-11.0.18.10-hotspot\bin\zip.dll

dbghelp: loaded successfully - version: 4.0.5 - missing functions: none
symbol engine: initialized successfully - sym options: 0x614 - pdb path: .;C:\Program Files\Microsoft\jdk-11.0.18.10-hotspot\bin;C:\WINDOWS\SYSTEM32;C:\WINDOWS\WinSxS\amd64_microsoft.windows.common-controls_6595b64144ccf1df_6.0.22621.1635_none_270f70857386168e;C:\Program Files\Microsoft\jdk-11.0.18.10-hotspot\bin\server

VM Arguments:
java_command: org.jetbrains.kotlin.cli.jvm.K2JVMCompiler @C:\Users\Navya\ReduxModule\node_modules\react-native-gradle-plugin\build\20230620_7173791355423315476.compiler.options
java_class_path (initial): C:\Users\Navya\.gradle\caches\modules-2\files-2.1\org.jetbrains.kotlin\kotlin-compiler-embeddable\1.6.10\88f2073f4020cdb83132cfe940ceb9a60aba54ea\kotlin-compiler-embeddable-1.6.10.jar;C:\Users\Navya\.gradle\caches\modules-2\files-2.1\org.jetbrains.kotlin\kotlin-reflect\1.6.10\1cbe9c92c12a94eea200d23c2bbaedaf3daf5132\kotlin-reflect-1.6.10.jar;C:\Users\Navya\.gradle\caches\modules-2\files-2.1\org.jetbrains.kotlin\kotlin-stdlib\1.6.10\b8af3fe6f1ca88526914929add63cf5e7c5049af\kotlin-stdlib-1.6.10.jar;C:\Users\Navya\.gradle\caches\modules-2\files-2.1\org.jetbrains.kotlin\kotlin-script-runtime\1.6.10\d0a7ff2e2500ef497ed0214ae40ad3c8387a6164\kotlin-script-runtime-1.6.10.jar;C:\Users\Navya\.gradle\caches\modules-2\files-2.1\org.jetbrains.kotlin\kotlin-daemon-embeddable\1.6.10\a56d79bcbea411fa6058e4ecffc2de73e742bd2a\kotlin-daemon-embeddable-1.6.10.jar;C:\Users\Navya\.gradle\caches\modules-2\files-2.1\org.jetbrains.intellij.deps\trove4j\1.0.20181211\216c2e14b070f334479d800987affe4054cd563f\trove4j-1.0.20181211.jar;C:\Users\Navya\.gradle\caches\modules-2\files-2.1\net.java.dev.jna\jna\5.6.0\330f2244e9030119ab3030fc3fededc86713d9cc\jna-5.6.0.jar;C:\Users\Navya\.gradle\caches\modules-2\files-2.1\org.jetbrains\annotations\13.0\919f0dfe192fb4e063e7dacadee7f8bb9a2672a9\annotations-13.0.jar;C:\Users\Navya\.gradle\caches\modules-2\files-2.1\org.jetbrains.kotlin\kotlin-stdlib-common\1.6.10\c118700e3a33c8a0d9adc920e9dec0831171925\kotlin-stdlib-common-1.6.10.jar
Launcher Type: SUN_STANDARD

[Global flags]
     intx CICompilerCount                          = 4                                         {product} {ergonomic}
     uint ConcGCThreads                            = 3                                         {product} {ergonomic}
     uint G1ConcRefinementThreads                  = 10                                        {product} {ergonomic}
   size_t G1HeapRegionSize                         = 1048576                                   {product} {ergonomic}
    uintx GCDrainStackTargetSize                   = 64                                        {product} {ergonomic}
   size_t InitialHeapSize                          = 123731968                                 {product} {ergonomic}
   size_t MarkStackSize                            = 4194304                                   {product} {ergonomic}
   size_t MaxHeapSize                              = 1973420032                                {product} {ergonomic}
   size_t MinHeapDeltaBytes                        = 1048576                                   {product} {ergonomic}
    uintx NonNMethodCodeHeapSize                   = 5836300                                {pd product} {ergonomic}
    uintx NonProfiledCodeHeapSize                  = 122910970                              {pd product} {ergonomic}
    uintx ProfiledCodeHeapSize                     = 122910970                              {pd product} {ergonomic}
    uintx ReservedCodeCacheSize                    = 251658240                              {pd product} {ergonomic}
     bool SegmentedCodeCache                       = true                                      {product} {ergonomic}
     bool UseCompressedClassPointers               = true                                 {lp64_product} {ergonomic}
     bool UseCompressedOops                        = true                                 {lp64_product} {ergonomic}
     bool UseG1GC                                  = true                                      {product} {ergonomic}
     bool UseLargePagesIndividualAllocation        = false                                  {pd product} {ergonomic}

Logging:
Log output configuration:
 #0: stdout all=warning uptime,level,tags
 #1: stderr all=off uptime,level,tags

Environment Variables:
JAVA_HOME=C:\Program Files\Microsoft\jdk-11.0.18.10-hotspot\
CLASSPATH=C:\Users\Navya\ReduxModule\android\\gradle\wrapper\gradle-wrapper.jar
PATH=C:\Program Files\Microsoft\jdk-11.0.18.10-hotspot\bin;C:\Program Files\Eclipse Adoptium\jdk-17.0.4.101-hotspot\bin;C:\windows\system32;C:\windows;C:\windows\System32\Wbem;C:\windows\System32\WindowsPowerShell\v1.0\;C:\windows\System32\OpenSSH\;C:\Program Files (x86)\NVIDIA Corporation\PhysX\Common;C:\Program Files\NVIDIA Corporation\NVIDIA NvDLISR;C:\WINDOWS\system32;C:\WINDOWS;C:\WINDOWS\System32\Wbem;C:\WINDOWS\System32\WindowsPowerShell\v1.0\;C:\WINDOWS\System32\OpenSSH\;C:\Users\Navya\AppData\Roaming\npm;C:\Program Files\Git\cmd;C:\Program Files\Bandizip\;C:\ProgramData\chocolatey\bin;C:\Program Files\nodejs\;C:\Users\Navya\AppData\Local\Microsoft\WindowsApps;C:\Users\Navya\AppData\Local\Programs\Microsoft VS Code\bin;C:\Users\Navya\AppData\Roaming\npm
USERNAME=Navya
LANG=en_US.UTF-8
OS=Windows_NT
PROCESSOR_IDENTIFIER=AMD64 Family 25 Model 80 Stepping 0, AuthenticAMD
TMP=C:\Users\Navya\AppData\Local\Temp
TEMP=C:\Users\Navya\AppData\Local\Temp



---------------  S Y S T E M  ---------------

OS: Windows 11 , 64 bit Build 22621 (10.0.22621.1778)
OS uptime: 4 days 7:48 hours

CPU:total 12 (initial active 12) (12 cores per cpu, 2 threads per core) family 25 model 80 stepping 0 microcode 0x0, cmov, cx8, fxsr, mmx, sse, sse2, sse3, ssse3, sse4.1, sse4.2, popcnt, avx, avx2, aes, clmul, erms, mmxext, 3dnowpref, lzcnt, sse4a, ht, tsc, tscinvbit, tscinv, bmi1, bmi2, adx, sha, fma

Memory: 4k page, system-wide physical 7521M (145M free)
TotalPageFile size 31073M (AvailPageFile size 37M)
current process WorkingSet (physical memory assigned to process): 10M, peak: 10M
current process commit charge ("private bytes"): 64M, peak: 182M

vm_info: OpenJDK 64-Bit Server VM (11.0.18+10-LTS) for windows-amd64 JRE (11.0.18+10-LTS), built on Jan 18 2023 15:56:47 by "MicrosoftCorporation" with MS VC++ 15.9 (VS2017)

END.
